e:\workspace\unity\cuddlycat\build\src\cuddlycat.dir\debug\vc141.pdb
e:\workspace\unity\cuddlycat\build\src\cuddlycat.dir\debug\texturecache.obj
e:\workspace\unity\cuddlycat\build\src\cuddlycat.dir\debug\texture2d.obj
e:\workspace\unity\cuddlycat\build\src\cuddlycat.dir\debug\stb_image.obj
e:\workspace\unity\cuddlycat\build\src\cuddlycat.dir\debug\shadercache.obj
e:\workspace\unity\cuddlycat\build\src\cuddlycat.dir\debug\shader.obj
e:\workspace\unity\cuddlycat\build\src\cuddlycat.dir\debug\model.obj
e:\workspace\unity\cuddlycat\build\src\cuddlycat.dir\debug\mesh.obj
e:\workspace\unity\cuddlycat\build\src\cuddlycat.dir\debug\inputmanager.obj
e:\workspace\unity\cuddlycat\build\src\cuddlycat.dir\debug\filesystem.obj
e:\workspace\unity\cuddlycat\build\src\cuddlycat.dir\debug\director.obj
e:\workspace\unity\cuddlycat\build\src\cuddlycat.dir\debug\camera.obj
e:\workspace\unity\cuddlycat\build\src\cuddlycat.dir\debug\basicmodel.obj
e:\workspace\unity\cuddlycat\build\src\cuddlycat.dir\debug\app.obj
e:\workspace\unity\cuddlycat\build\src\cuddlycat.dir\debug\pathfindsim.obj
e:\workspace\unity\cuddlycat\build\src\cuddlycat.dir\debug\util.obj
e:\workspace\unity\cuddlycat\build\src\cuddlycat.dir\debug\astar.obj
e:\workspace\unity\cuddlycat\build\src\cuddlycat.dir\debug\draw.obj
e:\workspace\unity\cuddlycat\build\src\cuddlycat.dir\debug\main.obj
e:\workspace\unity\cuddlycat\build\src\cuddlycat.dir\debug\imgui_impl_opengl3.obj
e:\workspace\unity\cuddlycat\build\src\cuddlycat.dir\debug\imgui_impl_glfw.obj
e:\workspace\unity\cuddlycat\build\src\cuddlycat.dir\debug\democtrl.obj
e:\workspace\unity\cuddlycat\build\src\cuddlycat.dir\debug\demo4.obj
e:\workspace\unity\cuddlycat\build\src\cuddlycat.dir\debug\demo2.obj
e:\workspace\unity\cuddlycat\build\src\cuddlycat.dir\debug\demo1.obj
e:\workspace\unity\cuddlycat\build\src\cuddlycat.dir\debug\demo.obj
e:\workspace\unity\cuddlycat\build\src\cuddlycat.dir\debug\basedemo.obj
e:\workspace\unity\cuddlycat\build\src\cuddlycat.dir\debug\timer.obj
e:\workspace\unity\cuddlycat\build\src\cmakefiles\generate.stamp
e:\workspace\unity\cuddlycat\build\src\debug\cuddlycat.pdb
e:\workspace\unity\cuddlycat\build\src\cuddlycat.dir\debug\cuddlycat.tlog\cl.command.1.tlog
e:\workspace\unity\cuddlycat\build\src\cuddlycat.dir\debug\cuddlycat.tlog\cl.read.1.tlog
e:\workspace\unity\cuddlycat\build\src\cuddlycat.dir\debug\cuddlycat.tlog\cl.write.1.tlog
e:\workspace\unity\cuddlycat\build\src\cuddlycat.dir\debug\cuddlycat.tlog\custombuild.command.1.tlog
e:\workspace\unity\cuddlycat\build\src\cuddlycat.dir\debug\cuddlycat.tlog\custombuild.read.1.tlog
e:\workspace\unity\cuddlycat\build\src\cuddlycat.dir\debug\cuddlycat.tlog\custombuild.write.1.tlog
e:\workspace\unity\cuddlycat\build\src\cuddlycat.dir\debug\cuddlycat.tlog\link-cvtres.read.1.tlog
e:\workspace\unity\cuddlycat\build\src\cuddlycat.dir\debug\cuddlycat.tlog\link-cvtres.write.1.tlog
e:\workspace\unity\cuddlycat\build\src\cuddlycat.dir\debug\cuddlycat.tlog\link-rc.read.1.tlog
e:\workspace\unity\cuddlycat\build\src\cuddlycat.dir\debug\cuddlycat.tlog\link-rc.write.1.tlog
e:\workspace\unity\cuddlycat\build\src\cuddlycat.dir\debug\cuddlycat.tlog\link.command.1.tlog
e:\workspace\unity\cuddlycat\build\src\cuddlycat.dir\debug\cuddlycat.tlog\link.read.1.tlog
e:\workspace\unity\cuddlycat\build\src\cuddlycat.dir\debug\cuddlycat.tlog\link.write.1.tlog
